0 info it worked if it ends with ok
1 verbose cli [ '/usr/bin/node', '/usr/bin/npm', 'install', '--global' ]
2 info using npm@2.15.11
3 info using node@v4.8.6
4 verbose install initial load of /usr/lib/package.json
5 verbose readDependencies loading dependencies from /usr/lib/package.json
6 silly cache add args [ '.', null ]
7 verbose cache add spec .
8 silly cache add parsed spec Result {
8 silly cache add   raw: '.',
8 silly cache add   scope: null,
8 silly cache add   name: null,
8 silly cache add   rawSpec: '.',
8 silly cache add   spec: '/home/dana/Escritorio/moodle',
8 silly cache add   type: 'local' }
9 error addLocal Could not install /home/dana/Escritorio/moodle
10 verbose stack Error: EISDIR: illegal operation on a directory, read
10 verbose stack     at Error (native)
11 verbose cwd /home/dana/Escritorio/moodle
12 error Linux 4.4.0-101-generic
13 error argv "/usr/bin/node" "/usr/bin/npm" "install" "--global"
14 error node v4.8.6
15 error npm  v2.15.11
16 error code EISDIR
17 error errno -21
18 error syscall read
19 error eisdir EISDIR: illegal operation on a directory, read
19 error eisdir This is most likely not a problem with npm itself
19 error eisdir and is related to npm not being able to find a package.json in
19 error eisdir a package you are trying to install.
20 verbose exit [ -21, true ]
